app/build/intermediates/manifest_merge_blame_file/debug/manifest-merger-blame-debug-report.txt
1<?xml version="1.0" encoding="utf-8"?>
2<manifest xmlns:android="http://schemas.android.com/apk/res/android"
3    package="com.devco.singhal"
4    android:versionCode="6"
5    android:versionName="2.0" >
6
7    <uses-sdk
8        android:minSdkVersion="21"
8-->src\main\AndroidManifest.xml
9        android:targetSdkVersion="30" />
9-->src\main\AndroidManifest.xml
10    <!-- <uses-permission android:name="android.permission.READ_EXTERNAL_STORAGE" /> -->
11    <!-- <uses-permission android:name="android.permission.WRITE_EXTERNAL_STORAGE" /> -->
12    <uses-permission android:name="com.google.android.c2dm.permission.RECEIVE" />
12-->src\main\AndroidManifest.xml:6:5-82
12-->src\main\AndroidManifest.xml:6:22-79
13    <uses-permission android:name="android.permission.WAKE_LOCK" />
13-->src\main\AndroidManifest.xml:7:5-68
13-->src\main\AndroidManifest.xml:7:22-65
14    <uses-permission android:name="android.permission.INTERNET" />
14-->src\main\AndroidManifest.xml:8:5-67
14-->src\main\AndroidManifest.xml:8:22-64
15
16    <!-- Although the *SdkVersion is captured in gradle build files, this is required for non gradle builds -->
17    <!-- <uses-sdk android:minSdkVersion="14"/> -->
18    <uses-permission android:name="android.permission.ACCESS_NETWORK_STATE" />
18-->[com.google.firebase:firebase-database:19.7.0] AndroidManifest.xml:25:5-79
18-->[com.google.firebase:firebase-database:19.7.0] AndroidManifest.xml:25:22-76
19
20    <application
20-->src\main\AndroidManifest.xml:10:5-51:19
21        android:allowBackup="true"
21-->src\main\AndroidManifest.xml:11:9-35
22        android:appComponentFactory="androidx.core.app.CoreComponentFactory"
22-->[androidx.core:core:1.3.2] AndroidManifest.xml:24:18-86
23        android:debuggable="true"
24        android:icon="@mipmap/ic_launcher"
24-->src\main\AndroidManifest.xml:12:9-43
25        android:label="@string/app_name"
25-->src\main\AndroidManifest.xml:13:9-41
26        android:requestLegacyExternalStorage="true"
26-->src\main\AndroidManifest.xml:14:9-52
27        android:roundIcon="@mipmap/ic_launcher_round"
27-->src\main\AndroidManifest.xml:15:9-54
28        android:supportsRtl="true"
28-->src\main\AndroidManifest.xml:16:9-35
29        android:testOnly="true"
30        android:theme="@style/AppTheme" >
30-->src\main\AndroidManifest.xml:17:9-40
31        <activity android:name="com.devco.singhal.Settings" />
31-->src\main\AndroidManifest.xml:18:9-46
31-->src\main\AndroidManifest.xml:18:19-43
32        <activity android:name="com.devco.singhal.OTP" />
32-->src\main\AndroidManifest.xml:19:9-41
32-->src\main\AndroidManifest.xml:19:19-38
33        <activity android:name="com.devco.singhal.ServiceContact" />
33-->src\main\AndroidManifest.xml:20:9-52
33-->src\main\AndroidManifest.xml:20:19-49
34        <activity android:name="com.devco.singhal.ContactUs" />
34-->src\main\AndroidManifest.xml:21:9-47
34-->src\main\AndroidManifest.xml:21:19-44
35        <activity android:name="com.devco.singhal.NewCategory" />
35-->src\main\AndroidManifest.xml:22:9-49
35-->src\main\AndroidManifest.xml:22:19-46
36        <activity android:name="com.devco.singhal.EditProduct" />
36-->src\main\AndroidManifest.xml:23:9-49
36-->src\main\AndroidManifest.xml:23:19-46
37        <activity android:name="com.devco.singhal.ChangePassword" />
37-->src\main\AndroidManifest.xml:24:9-52
37-->src\main\AndroidManifest.xml:24:19-49
38        <activity android:name="com.devco.singhal.SearchProducts" />
38-->src\main\AndroidManifest.xml:25:9-52
38-->src\main\AndroidManifest.xml:25:19-49
39        <activity android:name="com.devco.singhal.AdminUserProducts" />
39-->src\main\AndroidManifest.xml:26:9-55
39-->src\main\AndroidManifest.xml:26:19-52
40        <activity android:name="com.devco.singhal.AdminNewOrders" />
40-->src\main\AndroidManifest.xml:27:9-52
40-->src\main\AndroidManifest.xml:27:19-49
41        <activity android:name="com.devco.singhal.ConfirmOrder" />
41-->src\main\AndroidManifest.xml:28:9-50
41-->src\main\AndroidManifest.xml:28:19-47
42        <activity android:name="com.devco.singhal.Cart" />
42-->src\main\AndroidManifest.xml:29:9-42
42-->src\main\AndroidManifest.xml:29:19-39
43        <activity android:name="com.devco.singhal.ProductDetails" />
43-->src\main\AndroidManifest.xml:30:9-52
43-->src\main\AndroidManifest.xml:30:19-49
44        <activity android:name="com.devco.singhal.Profile" />
44-->src\main\AndroidManifest.xml:31:9-45
44-->src\main\AndroidManifest.xml:31:19-42
45        <activity
45-->src\main\AndroidManifest.xml:32:9-34:59
46            android:name="com.theartofdev.edmodo.cropper.CropImageActivity"
46-->src\main\AndroidManifest.xml:33:13-76
47            android:theme="@style/Base.Theme.AppCompat" />
47-->src\main\AndroidManifest.xml:34:13-56
48        <activity
48-->src\main\AndroidManifest.xml:35:9-38:59
49            android:name="com.devco.singhal.Home"
49-->src\main\AndroidManifest.xml:36:13-33
50            android:label="@string/title_activity_home"
50-->src\main\AndroidManifest.xml:37:13-56
51            android:theme="@style/AppTheme.NoActionBar" />
51-->src\main\AndroidManifest.xml:38:13-56
52        <activity android:name="com.devco.singhal.AdminProductAdd" />
52-->src\main\AndroidManifest.xml:39:9-53
52-->src\main\AndroidManifest.xml:39:19-50
53        <activity android:name="com.devco.singhal.AdminPanel" />
53-->src\main\AndroidManifest.xml:40:9-48
53-->src\main\AndroidManifest.xml:40:19-45
54        <activity
54-->src\main\AndroidManifest.xml:41:9-43:58
55            android:name="com.devco.singhal.Register"
55-->src\main\AndroidManifest.xml:42:13-37
56            android:windowSoftInputMode="adjustResize" />
56-->src\main\AndroidManifest.xml:43:13-55
57        <activity android:name="com.devco.singhal.Login" >
57-->src\main\AndroidManifest.xml:44:9-50:20
57-->src\main\AndroidManifest.xml:44:19-40
58            <intent-filter>
58-->src\main\AndroidManifest.xml:45:13-49:29
59                <action android:name="android.intent.action.MAIN" />
59-->src\main\AndroidManifest.xml:46:17-69
59-->src\main\AndroidManifest.xml:46:25-66
60
61                <category android:name="android.intent.category.LAUNCHER" />
61-->src\main\AndroidManifest.xml:48:17-77
61-->src\main\AndroidManifest.xml:48:27-74
62            </intent-filter>
63        </activity>
64
65        <service
65-->[com.google.firebase:firebase-database:19.7.0] AndroidManifest.xml:29:9-35:19
66            android:name="com.google.firebase.components.ComponentDiscoveryService"
66-->[com.google.firebase:firebase-database:19.7.0] AndroidManifest.xml:30:13-84
67            android:directBootAware="true"
67-->[com.google.firebase:firebase-common:19.5.0] AndroidManifest.xml:35:13-43
68            android:exported="false" >
68-->[com.google.firebase:firebase-database:19.7.0] AndroidManifest.xml:31:13-37
69            <meta-data
69-->[com.google.firebase:firebase-database:19.7.0] AndroidManifest.xml:32:13-34:85
70                android:name="com.google.firebase.components:com.google.firebase.database.DatabaseRegistrar"
70-->[com.google.firebase:firebase-database:19.7.0] AndroidManifest.xml:33:17-109
71                android:value="com.google.firebase.components.ComponentRegistrar" />
71-->[com.google.firebase:firebase-database:19.7.0] AndroidManifest.xml:34:17-82
72            <meta-data
72-->[com.google.firebase:firebase-storage:19.2.2] AndroidManifest.xml:33:13-35:85
73                android:name="com.google.firebase.components:com.google.firebase.storage.StorageRegistrar"
73-->[com.google.firebase:firebase-storage:19.2.2] AndroidManifest.xml:34:17-107
74                android:value="com.google.firebase.components.ComponentRegistrar" />
74-->[com.google.firebase:firebase-storage:19.2.2] AndroidManifest.xml:35:17-82
75            <meta-data
75-->[com.google.firebase:firebase-auth:20.0.4] AndroidManifest.xml:77:13-79:85
76                android:name="com.google.firebase.components:com.google.firebase.auth.FirebaseAuthRegistrar"
76-->[com.google.firebase:firebase-auth:20.0.4] AndroidManifest.xml:78:17-109
77                android:value="com.google.firebase.components.ComponentRegistrar" />
77-->[com.google.firebase:firebase-auth:20.0.4] AndroidManifest.xml:79:17-82
78            <!--
79                This registrar is not defined in the dynamic-module-support sdk itself to allow non-firebase
80                clients to use it as well, by defining this registrar in their own core/common library.
81            -->
82            <meta-data
82-->[com.google.firebase:firebase-common:19.5.0] AndroidManifest.xml:43:13-45:85
83                android:name="com.google.firebase.components:com.google.firebase.dynamicloading.DynamicLoadingRegistrar"
83-->[com.google.firebase:firebase-common:19.5.0] AndroidManifest.xml:44:17-121
84                android:value="com.google.firebase.components.ComponentRegistrar" />
84-->[com.google.firebase:firebase-common:19.5.0] AndroidManifest.xml:45:17-82
85        </service>
86
87        <provider
87-->[com.squareup.picasso:picasso:2.71828] AndroidManifest.xml:8:9-11:40
88            android:name="com.squareup.picasso.PicassoProvider"
88-->[com.squareup.picasso:picasso:2.71828] AndroidManifest.xml:9:13-64
89            android:authorities="com.devco.singhal.com.squareup.picasso"
89-->[com.squareup.picasso:picasso:2.71828] AndroidManifest.xml:10:13-72
90            android:exported="false" />
90-->[com.squareup.picasso:picasso:2.71828] AndroidManifest.xml:11:13-37
91
92        <activity
92-->[com.google.firebase:firebase-auth:20.0.4] AndroidManifest.xml:27:9-44:20
93            android:name="com.google.firebase.auth.internal.GenericIdpActivity"
93-->[com.google.firebase:firebase-auth:20.0.4] AndroidManifest.xml:28:13-80
94            android:excludeFromRecents="true"
94-->[com.google.firebase:firebase-auth:20.0.4] AndroidManifest.xml:29:13-46
95            android:exported="true"
95-->[com.google.firebase:firebase-auth:20.0.4] AndroidManifest.xml:30:13-36
96            android:launchMode="singleTask"
96-->[com.google.firebase:firebase-auth:20.0.4] AndroidManifest.xml:31:13-44
97            android:theme="@android:style/Theme.Translucent.NoTitleBar" >
97-->[com.google.firebase:firebase-auth:20.0.4] AndroidManifest.xml:32:13-72
98            <intent-filter>
98-->[com.google.firebase:firebase-auth:20.0.4] AndroidManifest.xml:33:13-43:29
99                <action android:name="android.intent.action.VIEW" />
99-->[com.google.firebase:firebase-auth:20.0.4] AndroidManifest.xml:34:17-69
99-->[com.google.firebase:firebase-auth:20.0.4] AndroidManifest.xml:34:25-66
100
101                <category android:name="android.intent.category.DEFAULT" />
101-->[com.google.firebase:firebase-auth:20.0.4] AndroidManifest.xml:36:17-76
101-->[com.google.firebase:firebase-auth:20.0.4] AndroidManifest.xml:36:27-73
102                <category android:name="android.intent.category.BROWSABLE" />
102-->[com.google.firebase:firebase-auth:20.0.4] AndroidManifest.xml:37:17-78
102-->[com.google.firebase:firebase-auth:20.0.4] AndroidManifest.xml:37:27-75
103
104                <data
104-->[com.google.firebase:firebase-auth:20.0.4] AndroidManifest.xml:39:17-42:51
105                    android:host="firebase.auth"
105-->[com.google.firebase:firebase-auth:20.0.4] AndroidManifest.xml:40:21-49
106                    android:path="/"
106-->[com.google.firebase:firebase-auth:20.0.4] AndroidManifest.xml:41:21-37
107                    android:scheme="genericidp" />
107-->[com.google.firebase:firebase-auth:20.0.4] AndroidManifest.xml:42:21-48
108            </intent-filter>
109        </activity>
110        <activity
110-->[com.google.firebase:firebase-auth:20.0.4] AndroidManifest.xml:45:9-62:20
111            android:name="com.google.firebase.auth.internal.RecaptchaActivity"
111-->[com.google.firebase:firebase-auth:20.0.4] AndroidManifest.xml:46:13-79
112            android:excludeFromRecents="true"
112-->[com.google.firebase:firebase-auth:20.0.4] AndroidManifest.xml:47:13-46
113            android:exported="true"
113-->[com.google.firebase:firebase-auth:20.0.4] AndroidManifest.xml:48:13-36
114            android:launchMode="singleTask"
114-->[com.google.firebase:firebase-auth:20.0.4] AndroidManifest.xml:49:13-44
115            android:theme="@android:style/Theme.Translucent.NoTitleBar" >
115-->[com.google.firebase:firebase-auth:20.0.4] AndroidManifest.xml:50:13-72
116            <intent-filter>
116-->[com.google.firebase:firebase-auth:20.0.4] AndroidManifest.xml:51:13-61:29
117                <action android:name="android.intent.action.VIEW" />
117-->[com.google.firebase:firebase-auth:20.0.4] AndroidManifest.xml:34:17-69
117-->[com.google.firebase:firebase-auth:20.0.4] AndroidManifest.xml:34:25-66
118
119                <category android:name="android.intent.category.DEFAULT" />
119-->[com.google.firebase:firebase-auth:20.0.4] AndroidManifest.xml:36:17-76
119-->[com.google.firebase:firebase-auth:20.0.4] AndroidManifest.xml:36:27-73
120                <category android:name="android.intent.category.BROWSABLE" />
120-->[com.google.firebase:firebase-auth:20.0.4] AndroidManifest.xml:37:17-78
120-->[com.google.firebase:firebase-auth:20.0.4] AndroidManifest.xml:37:27-75
121
122                <data
122-->[com.google.firebase:firebase-auth:20.0.4] AndroidManifest.xml:39:17-42:51
123                    android:host="firebase.auth"
123-->[com.google.firebase:firebase-auth:20.0.4] AndroidManifest.xml:40:21-49
124                    android:path="/"
124-->[com.google.firebase:firebase-auth:20.0.4] AndroidManifest.xml:41:21-37
125                    android:scheme="recaptcha" />
125-->[com.google.firebase:firebase-auth:20.0.4] AndroidManifest.xml:42:21-48
126            </intent-filter>
127        </activity>
128
129        <service
129-->[com.google.firebase:firebase-auth:20.0.4] AndroidManifest.xml:64:9-73:19
130            android:name="com.google.firebase.auth.api.fallback.service.FirebaseAuthFallbackService"
130-->[com.google.firebase:firebase-auth:20.0.4] AndroidManifest.xml:65:13-101
131            android:enabled="true"
131-->[com.google.firebase:firebase-auth:20.0.4] AndroidManifest.xml:66:13-35
132            android:exported="false" >
132-->[com.google.firebase:firebase-auth:20.0.4] AndroidManifest.xml:67:13-37
133            <intent-filter>
133-->[com.google.firebase:firebase-auth:20.0.4] AndroidManifest.xml:68:13-72:29
134                <action android:name="com.google.firebase.auth.api.gms.service.START" />
134-->[com.google.firebase:firebase-auth:20.0.4] AndroidManifest.xml:69:17-89
134-->[com.google.firebase:firebase-auth:20.0.4] AndroidManifest.xml:69:25-86
135
136                <category android:name="android.intent.category.DEFAULT" />
136-->[com.google.firebase:firebase-auth:20.0.4] AndroidManifest.xml:36:17-76
136-->[com.google.firebase:firebase-auth:20.0.4] AndroidManifest.xml:36:27-73
137            </intent-filter>
138        </service>
139
140        <activity
140-->[com.google.android.gms:play-services-base:17.1.0] AndroidManifest.xml:23:9-26:75
141            android:name="com.google.android.gms.common.api.GoogleApiActivity"
141-->[com.google.android.gms:play-services-base:17.1.0] AndroidManifest.xml:24:13-79
142            android:exported="false"
142-->[com.google.android.gms:play-services-base:17.1.0] AndroidManifest.xml:25:13-37
143            android:theme="@android:style/Theme.Translucent.NoTitleBar" />
143-->[com.google.android.gms:play-services-base:17.1.0] AndroidManifest.xml:26:13-72
144
145        <provider
145-->[com.google.firebase:firebase-common:19.5.0] AndroidManifest.xml:26:9-31:39
146            android:name="com.google.firebase.provider.FirebaseInitProvider"
146-->[com.google.firebase:firebase-common:19.5.0] AndroidManifest.xml:27:13-77
147            android:authorities="com.devco.singhal.firebaseinitprovider"
147-->[com.google.firebase:firebase-common:19.5.0] AndroidManifest.xml:28:13-72
148            android:directBootAware="true"
148-->[com.google.firebase:firebase-common:19.5.0] AndroidManifest.xml:29:13-43
149            android:exported="false"
149-->[com.google.firebase:firebase-common:19.5.0] AndroidManifest.xml:30:13-37
150            android:initOrder="100" />
150-->[com.google.firebase:firebase-common:19.5.0] AndroidManifest.xml:31:13-36
151
152        <meta-data
152-->[com.google.android.gms:play-services-basement:17.1.0] AndroidManifest.xml:23:9-25:69
153            android:name="com.google.android.gms.version"
153-->[com.google.android.gms:play-services-basement:17.1.0] AndroidManifest.xml:24:13-58
154            android:value="@integer/google_play_services_version" />
154-->[com.google.android.gms:play-services-basement:17.1.0] AndroidManifest.xml:25:13-66
155
156        <provider
156-->[androidx.lifecycle:lifecycle-process:2.2.0] AndroidManifest.xml:25:9-29:43
157            android:name="androidx.lifecycle.ProcessLifecycleOwnerInitializer"
157-->[androidx.lifecycle:lifecycle-process:2.2.0] AndroidManifest.xml:26:13-79
158            android:authorities="com.devco.singhal.lifecycle-process"
158-->[androidx.lifecycle:lifecycle-process:2.2.0] AndroidManifest.xml:27:13-69
159            android:exported="false"
159-->[androidx.lifecycle:lifecycle-process:2.2.0] AndroidManifest.xml:28:13-37
160            android:multiprocess="true" />
160-->[androidx.lifecycle:lifecycle-process:2.2.0] AndroidManifest.xml:29:13-40
161    </application>
162
163</manifest>